<?xml version="1.0" encoding="UTF-8"?>
<!-- Generated by org.testng.reporters.JUnitXMLReporter -->
<testsuite hostname="ND96X912" ignored="0" name="Test" tests="3" failures="0" timestamp="28 nov 2017 13:43:12 GMT" time="0.119" errors="0">
  <testcase name="testMe" time="0.026" classname="MavenGitJenkinsOne.TestmeAna2"/>
  <testcase name="testMe" time="0.004" classname="MavenGitJenkinsOne.TestmeAna3"/>
  <testcase name="testMe" time="0.005" classname="MavenGitJenkinsOne.TestmeAna"/>
</testsuite> <!-- Test -->
